<?xml version="1.0" encoding="UTF-8"?>
<!-- Generated by org.testng.reporters.JUnitReportReporter -->
<testsuite hostname="DDC5-D-4S34T72" name="action.com.NewTest" tests="2" failures="0" timestamp="15 Nov 2018 04:53:26 GMT" time="3.567" errors="0">
  <testcase name="login" time="0.007" classname="action.com.NewTest"/>
  <testcase name="testMouse" time="3.560" classname="action.com.NewTest"/>
</testsuite> <!-- action.com.NewTest -->
